This file contains any messages produced by compilers while
running configure, to aid debugging if configure makes a mistake.

It was created by analysis configure 1.0, which was
generated by GNU Autoconf 2.68.  Invocation command line was

  $ ./configure 

## --------- ##
## Platform. ##
## --------- ##

hostname = heplw32
uname -m = x86_64
uname -r = 3.0.0-14-generic
uname -s = Linux
uname -v = #23-Ubuntu SMP Mon Nov 21 20:28:43 UTC 2011

/usr/bin/uname -p = unknown
/bin/uname -X     = unknown

/bin/arch              = unknown
/usr/bin/arch -k       = unknown
/usr/convex/getsysinfo = unknown
/usr/bin/hostinfo      = unknown
/bin/machine           = unknown
/usr/bin/oslevel       = unknown
/bin/universe          = unknown

PATH: /hepuser/frank/bin
PATH: /usr/local/bin
PATH: /usr/bin
PATH: /bin
PATH: /usr/games
PATH: /usr/local/bin


## ----------- ##
## Core tests. ##
## ----------- ##

configure:2263: checking for a BSD-compatible install
configure:2331: result: /usr/bin/install -c
configure:2342: checking whether build environment is sane
configure:2392: result: yes
configure:2533: checking for a thread-safe mkdir -p
configure:2572: result: /bin/mkdir -p
configure:2585: checking for gawk
configure:2601: found /usr/bin/gawk
configure:2612: result: gawk
configure:2623: checking whether make sets $(MAKE)
configure:2645: result: yes
configure:2788: checking for g++
configure:2804: found /usr/bin/g++
configure:2815: result: g++
configure:2842: checking for C++ compiler version
configure:2851: g++ --version >&5
g++ (Ubuntu/Linaro 4.6.1-9ubuntu3) 4.6.1
Copyright (C) 2011 Free Software Foundation, Inc.
This is free software; see the source for copying conditions.  There is NO
warranty; not even for MERCHANTABILITY or FITNESS FOR A PARTICULAR PURPOSE.

configure:2862: $? = 0
configure:2851: g++ -v >&5
Using built-in specs.
COLLECT_GCC=g++
COLLECT_LTO_WRAPPER=/usr/lib/gcc/x86_64-linux-gnu/4.6.1/lto-wrapper
Target: x86_64-linux-gnu
Configured with: ../src/configure -v --with-pkgversion='Ubuntu/Linaro 4.6.1-9ubuntu3' --with-bugurl=file:///usr/share/doc/gcc-4.6/README.Bugs --enable-languages=c,c++,fortran,objc,obj-c++,go --prefix=/usr --program-suffix=-4.6 --enable-shared --enable-linker-build-id --with-system-zlib --libexecdir=/usr/lib --without-included-gettext --enable-threads=posix --with-gxx-include-dir=/usr/include/c++/4.6 --libdir=/usr/lib --enable-nls --with-sysroot=/ --enable-clocale=gnu --enable-libstdcxx-debug --enable-libstdcxx-time=yes --enable-plugin --enable-objc-gc --disable-werror --with-arch-32=i686 --with-tune=generic --enable-checking=release --build=x86_64-linux-gnu --host=x86_64-linux-gnu --target=x86_64-linux-gnu
Thread model: posix
gcc version 4.6.1 (Ubuntu/Linaro 4.6.1-9ubuntu3) 
configure:2862: $? = 0
configure:2851: g++ -V >&5
g++: error: unrecognized option '-V'
g++: fatal error: no input files
compilation terminated.
configure:2862: $? = 4
configure:2851: g++ -qversion >&5
g++: error: unrecognized option '-qversion'
g++: fatal error: no input files
compilation terminated.
configure:2862: $? = 4
configure:2882: checking whether the C++ compiler works
configure:2904: g++    conftest.cpp  >&5
configure:2908: $? = 0
configure:2956: result: yes
configure:2959: checking for C++ compiler default output file name
configure:2961: result: a.out
configure:2967: checking for suffix of executables
configure:2974: g++ -o conftest    conftest.cpp  >&5
configure:2978: $? = 0
configure:3000: result: 
configure:3022: checking whether we are cross compiling
configure:3030: g++ -o conftest    conftest.cpp  >&5
configure:3034: $? = 0
configure:3041: ./conftest
configure:3045: $? = 0
configure:3060: result: no
configure:3065: checking for suffix of object files
configure:3087: g++ -c   conftest.cpp >&5
configure:3091: $? = 0
configure:3112: result: o
configure:3116: checking whether we are using the GNU C++ compiler
configure:3135: g++ -c   conftest.cpp >&5
configure:3135: $? = 0
configure:3144: result: yes
configure:3153: checking whether g++ accepts -g
configure:3173: g++ -c -g  conftest.cpp >&5
configure:3173: $? = 0
configure:3214: result: yes
configure:3248: checking for style of include used by make
configure:3276: result: GNU
configure:3301: checking dependency style of g++
configure:3411: result: gcc3
configure:3474: checking for gcc
configure:3490: found /usr/bin/gcc
configure:3501: result: gcc
configure:3730: checking for C compiler version
configure:3739: gcc --version >&5
gcc (Ubuntu/Linaro 4.6.1-9ubuntu3) 4.6.1
Copyright (C) 2011 Free Software Foundation, Inc.
This is free software; see the source for copying conditions.  There is NO
warranty; not even for MERCHANTABILITY or FITNESS FOR A PARTICULAR PURPOSE.

configure:3750: $? = 0
configure:3739: gcc -v >&5
Using built-in specs.
COLLECT_GCC=gcc
COLLECT_LTO_WRAPPER=/usr/lib/gcc/x86_64-linux-gnu/4.6.1/lto-wrapper
Target: x86_64-linux-gnu
Configured with: ../src/configure -v --with-pkgversion='Ubuntu/Linaro 4.6.1-9ubuntu3' --with-bugurl=file:///usr/share/doc/gcc-4.6/README.Bugs --enable-languages=c,c++,fortran,objc,obj-c++,go --prefix=/usr --program-suffix=-4.6 --enable-shared --enable-linker-build-id --with-system-zlib --libexecdir=/usr/lib --without-included-gettext --enable-threads=posix --with-gxx-include-dir=/usr/include/c++/4.6 --libdir=/usr/lib --enable-nls --with-sysroot=/ --enable-clocale=gnu --enable-libstdcxx-debug --enable-libstdcxx-time=yes --enable-plugin --enable-objc-gc --disable-werror --with-arch-32=i686 --with-tune=generic --enable-checking=release --build=x86_64-linux-gnu --host=x86_64-linux-gnu --target=x86_64-linux-gnu
Thread model: posix
gcc version 4.6.1 (Ubuntu/Linaro 4.6.1-9ubuntu3) 
configure:3750: $? = 0
configure:3739: gcc -V >&5
gcc: error: unrecognized option '-V'
gcc: fatal error: no input files
compilation terminated.
configure:3750: $? = 4
configure:3739: gcc -qversion >&5
gcc: error: unrecognized option '-qversion'
gcc: fatal error: no input files
compilation terminated.
configure:3750: $? = 4
configure:3754: checking whether we are using the GNU C compiler
configure:3773: gcc -c   conftest.c >&5
configure:3773: $? = 0
configure:3782: result: yes
configure:3791: checking whether gcc accepts -g
configure:3811: gcc -c -g  conftest.c >&5
configure:3811: $? = 0
configure:3852: result: yes
configure:3869: checking for gcc option to accept ISO C89
configure:3933: gcc  -c -g -O2  conftest.c >&5
configure:3933: $? = 0
configure:3946: result: none needed
configure:3968: checking dependency style of gcc
configure:4078: result: gcc3
configure:4097: checking for main in -lCint
configure:4116: gcc -o conftest -g -O2   conftest.c -lCint   >&5
/usr/bin/ld: cannot find -lCint
collect2: ld returned 1 exit status
configure:4116: $? = 1
configure: failed program was:
| /* confdefs.h */
| #define PACKAGE_NAME "analysis"
| #define PACKAGE_TARNAME "analysis"
| #define PACKAGE_VERSION "1.0"
| #define PACKAGE_STRING "analysis 1.0"
| #define PACKAGE_BUGREPORT "frank at uvic.ca"
| #define PACKAGE_URL ""
| #define PACKAGE "analysis"
| #define VERSION "1.0"
| /* end confdefs.h.  */
| 
| 
| int
| main ()
| {
| return main ();
|   ;
|   return 0;
| }
configure:4125: result: no
configure:4137: checking for main in -lCore
configure:4156: gcc -o conftest -g -O2   conftest.c -lCore   >&5
/usr/bin/ld: cannot find -lCore
collect2: ld returned 1 exit status
configure:4156: $? = 1
configure: failed program was:
| /* confdefs.h */
| #define PACKAGE_NAME "analysis"
| #define PACKAGE_TARNAME "analysis"
| #define PACKAGE_VERSION "1.0"
| #define PACKAGE_STRING "analysis 1.0"
| #define PACKAGE_BUGREPORT "frank at uvic.ca"
| #define PACKAGE_URL ""
| #define PACKAGE "analysis"
| #define VERSION "1.0"
| /* end confdefs.h.  */
| 
| 
| int
| main ()
| {
| return main ();
|   ;
|   return 0;
| }
configure:4165: result: no
configure:4177: checking for main in -lGpad
configure:4196: gcc -o conftest -g -O2   conftest.c -lGpad   >&5
/usr/bin/ld: cannot find -lGpad
collect2: ld returned 1 exit status
configure:4196: $? = 1
configure: failed program was:
| /* confdefs.h */
| #define PACKAGE_NAME "analysis"
| #define PACKAGE_TARNAME "analysis"
| #define PACKAGE_VERSION "1.0"
| #define PACKAGE_STRING "analysis 1.0"
| #define PACKAGE_BUGREPORT "frank at uvic.ca"
| #define PACKAGE_URL ""
| #define PACKAGE "analysis"
| #define VERSION "1.0"
| /* end confdefs.h.  */
| 
| 
| int
| main ()
| {
| return main ();
|   ;
|   return 0;
| }
configure:4205: result: no
configure:4217: checking for main in -lGraf
configure:4236: gcc -o conftest -g -O2   conftest.c -lGraf   >&5
/usr/bin/ld: cannot find -lGraf
collect2: ld returned 1 exit status
configure:4236: $? = 1
configure: failed program was:
| /* confdefs.h */
| #define PACKAGE_NAME "analysis"
| #define PACKAGE_TARNAME "analysis"
| #define PACKAGE_VERSION "1.0"
| #define PACKAGE_STRING "analysis 1.0"
| #define PACKAGE_BUGREPORT "frank at uvic.ca"
| #define PACKAGE_URL ""
| #define PACKAGE "analysis"
| #define VERSION "1.0"
| /* end confdefs.h.  */
| 
| 
| int
| main ()
| {
| return main ();
|   ;
|   return 0;
| }
configure:4245: result: no
configure:4257: checking for main in -lGraf3d
configure:4276: gcc -o conftest -g -O2   conftest.c -lGraf3d   >&5
/usr/bin/ld: cannot find -lGraf3d
collect2: ld returned 1 exit status
configure:4276: $? = 1
configure: failed program was:
| /* confdefs.h */
| #define PACKAGE_NAME "analysis"
| #define PACKAGE_TARNAME "analysis"
| #define PACKAGE_VERSION "1.0"
| #define PACKAGE_STRING "analysis 1.0"
| #define PACKAGE_BUGREPORT "frank at uvic.ca"
| #define PACKAGE_URL ""
| #define PACKAGE "analysis"
| #define VERSION "1.0"
| /* end confdefs.h.  */
| 
| 
| int
| main ()
| {
| return main ();
|   ;
|   return 0;
| }
configure:4285: result: no
configure:4297: checking for main in -lGui
configure:4316: gcc -o conftest -g -O2   conftest.c -lGui   >&5
/usr/bin/ld: cannot find -lGui
collect2: ld returned 1 exit status
configure:4316: $? = 1
configure: failed program was:
| /* confdefs.h */
| #define PACKAGE_NAME "analysis"
| #define PACKAGE_TARNAME "analysis"
| #define PACKAGE_VERSION "1.0"
| #define PACKAGE_STRING "analysis 1.0"
| #define PACKAGE_BUGREPORT "frank at uvic.ca"
| #define PACKAGE_URL ""
| #define PACKAGE "analysis"
| #define VERSION "1.0"
| /* end confdefs.h.  */
| 
| 
| int
| main ()
| {
| return main ();
|   ;
|   return 0;
| }
configure:4325: result: no
configure:4337: checking for main in -lHist
configure:4356: gcc -o conftest -g -O2   conftest.c -lHist   >&5
/usr/bin/ld: cannot find -lHist
collect2: ld returned 1 exit status
configure:4356: $? = 1
configure: failed program was:
| /* confdefs.h */
| #define PACKAGE_NAME "analysis"
| #define PACKAGE_TARNAME "analysis"
| #define PACKAGE_VERSION "1.0"
| #define PACKAGE_STRING "analysis 1.0"
| #define PACKAGE_BUGREPORT "frank at uvic.ca"
| #define PACKAGE_URL ""
| #define PACKAGE "analysis"
| #define VERSION "1.0"
| /* end confdefs.h.  */
| 
| 
| int
| main ()
| {
| return main ();
|   ;
|   return 0;
| }
configure:4365: result: no
configure:4377: checking for main in -lMathCore
configure:4396: gcc -o conftest -g -O2   conftest.c -lMathCore   >&5
/usr/bin/ld: cannot find -lMathCore
collect2: ld returned 1 exit status
configure:4396: $? = 1
configure: failed program was:
| /* confdefs.h */
| #define PACKAGE_NAME "analysis"
| #define PACKAGE_TARNAME "analysis"
| #define PACKAGE_VERSION "1.0"
| #define PACKAGE_STRING "analysis 1.0"
| #define PACKAGE_BUGREPORT "frank at uvic.ca"
| #define PACKAGE_URL ""
| #define PACKAGE "analysis"
| #define VERSION "1.0"
| /* end confdefs.h.  */
| 
| 
| int
| main ()
| {
| return main ();
|   ;
|   return 0;
| }
configure:4405: result: no
configure:4417: checking for main in -lMatrix
configure:4436: gcc -o conftest -g -O2   conftest.c -lMatrix   >&5
/usr/bin/ld: cannot find -lMatrix
collect2: ld returned 1 exit status
configure:4436: $? = 1
configure: failed program was:
| /* confdefs.h */
| #define PACKAGE_NAME "analysis"
| #define PACKAGE_TARNAME "analysis"
| #define PACKAGE_VERSION "1.0"
| #define PACKAGE_STRING "analysis 1.0"
| #define PACKAGE_BUGREPORT "frank at uvic.ca"
| #define PACKAGE_URL ""
| #define PACKAGE "analysis"
| #define VERSION "1.0"
| /* end confdefs.h.  */
| 
| 
| int
| main ()
| {
| return main ();
|   ;
|   return 0;
| }
configure:4445: result: no
configure:4457: checking for main in -lMinuit2
configure:4476: gcc -o conftest -g -O2   conftest.c -lMinuit2   >&5
/usr/bin/ld: cannot find -lMinuit2
collect2: ld returned 1 exit status
configure:4476: $? = 1
configure: failed program was:
| /* confdefs.h */
| #define PACKAGE_NAME "analysis"
| #define PACKAGE_TARNAME "analysis"
| #define PACKAGE_VERSION "1.0"
| #define PACKAGE_STRING "analysis 1.0"
| #define PACKAGE_BUGREPORT "frank at uvic.ca"
| #define PACKAGE_URL ""
| #define PACKAGE "analysis"
| #define VERSION "1.0"
| /* end confdefs.h.  */
| 
| 
| int
| main ()
| {
| return main ();
|   ;
|   return 0;
| }
configure:4485: result: no
configure:4497: checking for main in -lNet
configure:4516: gcc -o conftest -g -O2   conftest.c -lNet   >&5
/usr/bin/ld: cannot find -lNet
collect2: ld returned 1 exit status
configure:4516: $? = 1
configure: failed program was:
| /* confdefs.h */
| #define PACKAGE_NAME "analysis"
| #define PACKAGE_TARNAME "analysis"
| #define PACKAGE_VERSION "1.0"
| #define PACKAGE_STRING "analysis 1.0"
| #define PACKAGE_BUGREPORT "frank at uvic.ca"
| #define PACKAGE_URL ""
| #define PACKAGE "analysis"
| #define VERSION "1.0"
| /* end confdefs.h.  */
| 
| 
| int
| main ()
| {
| return main ();
|   ;
|   return 0;
| }
configure:4525: result: no
configure:4537: checking for main in -lPhysics
configure:4556: gcc -o conftest -g -O2   conftest.c -lPhysics   >&5
/usr/bin/ld: cannot find -lPhysics
collect2: ld returned 1 exit status
configure:4556: $? = 1
configure: failed program was:
| /* confdefs.h */
| #define PACKAGE_NAME "analysis"
| #define PACKAGE_TARNAME "analysis"
| #define PACKAGE_VERSION "1.0"
| #define PACKAGE_STRING "analysis 1.0"
| #define PACKAGE_BUGREPORT "frank at uvic.ca"
| #define PACKAGE_URL ""
| #define PACKAGE "analysis"
| #define VERSION "1.0"
| /* end confdefs.h.  */
| 
| 
| int
| main ()
| {
| return main ();
|   ;
|   return 0;
| }
configure:4565: result: no
configure:4577: checking for main in -lPostscript
configure:4596: gcc -o conftest -g -O2   conftest.c -lPostscript   >&5
/usr/bin/ld: cannot find -lPostscript
collect2: ld returned 1 exit status
configure:4596: $? = 1
configure: failed program was:
| /* confdefs.h */
| #define PACKAGE_NAME "analysis"
| #define PACKAGE_TARNAME "analysis"
| #define PACKAGE_VERSION "1.0"
| #define PACKAGE_STRING "analysis 1.0"
| #define PACKAGE_BUGREPORT "frank at uvic.ca"
| #define PACKAGE_URL ""
| #define PACKAGE "analysis"
| #define VERSION "1.0"
| /* end confdefs.h.  */
| 
| 
| int
| main ()
| {
| return main ();
|   ;
|   return 0;
| }
configure:4605: result: no
configure:4617: checking for main in -lRIO
configure:4636: gcc -o conftest -g -O2   conftest.c -lRIO   >&5
/usr/bin/ld: cannot find -lRIO
collect2: ld returned 1 exit status
configure:4636: $? = 1
configure: failed program was:
| /* confdefs.h */
| #define PACKAGE_NAME "analysis"
| #define PACKAGE_TARNAME "analysis"
| #define PACKAGE_VERSION "1.0"
| #define PACKAGE_STRING "analysis 1.0"
| #define PACKAGE_BUGREPORT "frank at uvic.ca"
| #define PACKAGE_URL ""
| #define PACKAGE "analysis"
| #define VERSION "1.0"
| /* end confdefs.h.  */
| 
| 
| int
| main ()
| {
| return main ();
|   ;
|   return 0;
| }
configure:4645: result: no
configure:4657: checking for main in -lRint
configure:4676: gcc -o conftest -g -O2   conftest.c -lRint   >&5
/usr/bin/ld: cannot find -lRint
collect2: ld returned 1 exit status
configure:4676: $? = 1
configure: failed program was:
| /* confdefs.h */
| #define PACKAGE_NAME "analysis"
| #define PACKAGE_TARNAME "analysis"
| #define PACKAGE_VERSION "1.0"
| #define PACKAGE_STRING "analysis 1.0"
| #define PACKAGE_BUGREPORT "frank at uvic.ca"
| #define PACKAGE_URL ""
| #define PACKAGE "analysis"
| #define VERSION "1.0"
| /* end confdefs.h.  */
| 
| 
| int
| main ()
| {
| return main ();
|   ;
|   return 0;
| }
configure:4685: result: no
configure:4697: checking for main in -lThread
configure:4716: gcc -o conftest -g -O2   conftest.c -lThread   >&5
/usr/bin/ld: cannot find -lThread
collect2: ld returned 1 exit status
configure:4716: $? = 1
configure: failed program was:
| /* confdefs.h */
| #define PACKAGE_NAME "analysis"
| #define PACKAGE_TARNAME "analysis"
| #define PACKAGE_VERSION "1.0"
| #define PACKAGE_STRING "analysis 1.0"
| #define PACKAGE_BUGREPORT "frank at uvic.ca"
| #define PACKAGE_URL ""
| #define PACKAGE "analysis"
| #define VERSION "1.0"
| /* end confdefs.h.  */
| 
| 
| int
| main ()
| {
| return main ();
|   ;
|   return 0;
| }
configure:4725: result: no
configure:4737: checking for main in -lTree
configure:4756: gcc -o conftest -g -O2   conftest.c -lTree   >&5
/usr/bin/ld: cannot find -lTree
collect2: ld returned 1 exit status
configure:4756: $? = 1
configure: failed program was:
| /* confdefs.h */
| #define PACKAGE_NAME "analysis"
| #define PACKAGE_TARNAME "analysis"
| #define PACKAGE_VERSION "1.0"
| #define PACKAGE_STRING "analysis 1.0"
| #define PACKAGE_BUGREPORT "frank at uvic.ca"
| #define PACKAGE_URL ""
| #define PACKAGE "analysis"
| #define VERSION "1.0"
| /* end confdefs.h.  */
| 
| 
| int
| main ()
| {
| return main ();
|   ;
|   return 0;
| }
configure:4765: result: no
configure:4777: checking for main in -ldl
configure:4796: gcc -o conftest -g -O2   conftest.c -ldl   >&5
configure:4796: $? = 0
configure:4805: result: yes
configure:4817: checking for main in -lm
configure:4836: gcc -o conftest -g -O2   conftest.c -lm  -ldl  >&5
configure:4836: $? = 0
configure:4845: result: yes
configure:4863: checking how to run the C preprocessor
configure:4894: gcc -E  conftest.c
configure:4894: $? = 0
configure:4908: gcc -E  conftest.c
conftest.c:13:28: fatal error: ac_nonexistent.h: No such file or directory
compilation terminated.
configure:4908: $? = 1
configure: failed program was:
| /* confdefs.h */
| #define PACKAGE_NAME "analysis"
| #define PACKAGE_TARNAME "analysis"
| #define PACKAGE_VERSION "1.0"
| #define PACKAGE_STRING "analysis 1.0"
| #define PACKAGE_BUGREPORT "frank at uvic.ca"
| #define PACKAGE_URL ""
| #define PACKAGE "analysis"
| #define VERSION "1.0"
| #define HAVE_LIBDL 1
| #define HAVE_LIBM 1
| /* end confdefs.h.  */
| #include <ac_nonexistent.h>
configure:4933: result: gcc -E
configure:4953: gcc -E  conftest.c
configure:4953: $? = 0
configure:4967: gcc -E  conftest.c
conftest.c:13:28: fatal error: ac_nonexistent.h: No such file or directory
compilation terminated.
configure:4967: $? = 1
configure: failed program was:
| /* confdefs.h */
| #define PACKAGE_NAME "analysis"
| #define PACKAGE_TARNAME "analysis"
| #define PACKAGE_VERSION "1.0"
| #define PACKAGE_STRING "analysis 1.0"
| #define PACKAGE_BUGREPORT "frank at uvic.ca"
| #define PACKAGE_URL ""
| #define PACKAGE "analysis"
| #define VERSION "1.0"
| #define HAVE_LIBDL 1
| #define HAVE_LIBM 1
| /* end confdefs.h.  */
| #include <ac_nonexistent.h>
configure:4996: checking for grep that handles long lines and -e
configure:5054: result: /bin/grep
configure:5059: checking for egrep
configure:5121: result: /bin/grep -E
configure:5126: checking for ANSI C header files
configure:5146: gcc -c -g -O2  conftest.c >&5
configure:5146: $? = 0
configure:5219: gcc -o conftest -g -O2   conftest.c -lm -ldl  >&5
configure:5219: $? = 0
configure:5219: ./conftest
configure:5219: $? = 0
configure:5230: result: yes
configure:5243: checking for sys/types.h
configure:5243: gcc -c -g -O2  conftest.c >&5
configure:5243: $? = 0
configure:5243: result: yes
configure:5243: checking for sys/stat.h
configure:5243: gcc -c -g -O2  conftest.c >&5
configure:5243: $? = 0
configure:5243: result: yes
configure:5243: checking for stdlib.h
configure:5243: gcc -c -g -O2  conftest.c >&5
configure:5243: $? = 0
configure:5243: result: yes
configure:5243: checking for string.h
configure:5243: gcc -c -g -O2  conftest.c >&5
configure:5243: $? = 0
configure:5243: result: yes
configure:5243: checking for memory.h
configure:5243: gcc -c -g -O2  conftest.c >&5
configure:5243: $? = 0
configure:5243: result: yes
configure:5243: checking for strings.h
configure:5243: gcc -c -g -O2  conftest.c >&5
configure:5243: $? = 0
configure:5243: result: yes
configure:5243: checking for inttypes.h
configure:5243: gcc -c -g -O2  conftest.c >&5
configure:5243: $? = 0
configure:5243: result: yes
configure:5243: checking for stdint.h
configure:5243: gcc -c -g -O2  conftest.c >&5
configure:5243: $? = 0
configure:5243: result: yes
configure:5243: checking for unistd.h
configure:5243: gcc -c -g -O2  conftest.c >&5
configure:5243: $? = 0
configure:5243: result: yes
configure:5258: checking stddef.h usability
configure:5258: gcc -c -g -O2  conftest.c >&5
configure:5258: $? = 0
configure:5258: result: yes
configure:5258: checking stddef.h presence
configure:5258: gcc -E  conftest.c
configure:5258: $? = 0
configure:5258: result: yes
configure:5258: checking for stddef.h
configure:5258: result: yes
configure:5258: checking for stdlib.h
configure:5258: result: yes
configure:5258: checking for string.h
configure:5258: result: yes
configure:5270: checking for stdbool.h that conforms to C99
configure:5337: gcc -c -g -O2  conftest.c >&5
configure:5337: $? = 0
configure:5344: result: yes
configure:5346: checking for _Bool
configure:5346: gcc -c -g -O2  conftest.c >&5
configure:5346: $? = 0
configure:5346: gcc -c -g -O2  conftest.c >&5
conftest.c: In function 'main':
conftest.c:62:20: error: expected expression before ')' token
configure:5346: $? = 1
configure: failed program was:
| /* confdefs.h */
| #define PACKAGE_NAME "analysis"
| #define PACKAGE_TARNAME "analysis"
| #define PACKAGE_VERSION "1.0"
| #define PACKAGE_STRING "analysis 1.0"
| #define PACKAGE_BUGREPORT "frank at uvic.ca"
| #define PACKAGE_URL ""
| #define PACKAGE "analysis"
| #define VERSION "1.0"
| #define HAVE_LIBDL 1
| #define HAVE_LIBM 1
| #define STDC_HEADERS 1
| #define HAVE_SYS_TYPES_H 1
| #define HAVE_SYS_STAT_H 1
| #define HAVE_STDLIB_H 1
| #define HAVE_STRING_H 1
| #define HAVE_MEMORY_H 1
| #define HAVE_STRINGS_H 1
| #define HAVE_INTTYPES_H 1
| #define HAVE_STDINT_H 1
| #define HAVE_UNISTD_H 1
| #define HAVE_STDDEF_H 1
| #define HAVE_STDLIB_H 1
| #define HAVE_STRING_H 1
| /* end confdefs.h.  */
| #include <stdio.h>
| #ifdef HAVE_SYS_TYPES_H
| # include <sys/types.h>
| #endif
| #ifdef HAVE_SYS_STAT_H
| # include <sys/stat.h>
| #endif
| #ifdef STDC_HEADERS
| # include <stdlib.h>
| # include <stddef.h>
| #else
| # ifdef HAVE_STDLIB_H
| #  include <stdlib.h>
| # endif
| #endif
| #ifdef HAVE_STRING_H
| # if !defined STDC_HEADERS && defined HAVE_MEMORY_H
| #  include <memory.h>
| # endif
| # include <string.h>
| #endif
| #ifdef HAVE_STRINGS_H
| # include <strings.h>
| #endif
| #ifdef HAVE_INTTYPES_H
| # include <inttypes.h>
| #endif
| #ifdef HAVE_STDINT_H
| # include <stdint.h>
| #endif
| #ifdef HAVE_UNISTD_H
| # include <unistd.h>
| #endif
| int
| main ()
| {
| if (sizeof ((_Bool)))
| 	    return 0;
|   ;
|   return 0;
| }
configure:5346: result: yes
configure:5362: checking for size_t
configure:5362: gcc -c -g -O2  conftest.c >&5
configure:5362: $? = 0
configure:5362: gcc -c -g -O2  conftest.c >&5
conftest.c: In function 'main':
conftest.c:64:21: error: expected expression before ')' token
configure:5362: $? = 1
configure: failed program was:
| /* confdefs.h */
| #define PACKAGE_NAME "analysis"
| #define PACKAGE_TARNAME "analysis"
| #define PACKAGE_VERSION "1.0"
| #define PACKAGE_STRING "analysis 1.0"
| #define PACKAGE_BUGREPORT "frank at uvic.ca"
| #define PACKAGE_URL ""
| #define PACKAGE "analysis"
| #define VERSION "1.0"
| #define HAVE_LIBDL 1
| #define HAVE_LIBM 1
| #define STDC_HEADERS 1
| #define HAVE_SYS_TYPES_H 1
| #define HAVE_SYS_STAT_H 1
| #define HAVE_STDLIB_H 1
| #define HAVE_STRING_H 1
| #define HAVE_MEMORY_H 1
| #define HAVE_STRINGS_H 1
| #define HAVE_INTTYPES_H 1
| #define HAVE_STDINT_H 1
| #define HAVE_UNISTD_H 1
| #define HAVE_STDDEF_H 1
| #define HAVE_STDLIB_H 1
| #define HAVE_STRING_H 1
| #define HAVE__BOOL 1
| #define HAVE_STDBOOL_H 1
| /* end confdefs.h.  */
| #include <stdio.h>
| #ifdef HAVE_SYS_TYPES_H
| # include <sys/types.h>
| #endif
| #ifdef HAVE_SYS_STAT_H
| # include <sys/stat.h>
| #endif
| #ifdef STDC_HEADERS
| # include <stdlib.h>
| # include <stddef.h>
| #else
| # ifdef HAVE_STDLIB_H
| #  include <stdlib.h>
| # endif
| #endif
| #ifdef HAVE_STRING_H
| # if !defined STDC_HEADERS && defined HAVE_MEMORY_H
| #  include <memory.h>
| # endif
| # include <string.h>
| #endif
| #ifdef HAVE_STRINGS_H
| # include <strings.h>
| #endif
| #ifdef HAVE_INTTYPES_H
| # include <inttypes.h>
| #endif
| #ifdef HAVE_STDINT_H
| # include <stdint.h>
| #endif
| #ifdef HAVE_UNISTD_H
| # include <unistd.h>
| #endif
| int
| main ()
| {
| if (sizeof ((size_t)))
| 	    return 0;
|   ;
|   return 0;
| }
configure:5362: result: yes
configure:5378: checking for pow
configure:5378: gcc -o conftest -g -O2   conftest.c -lm -ldl  >&5
conftest.c:51:6: warning: conflicting types for built-in function 'pow' [enabled by default]
configure:5378: $? = 0
configure:5378: result: yes
configure:5378: checking for sqrt
configure:5378: gcc -o conftest -g -O2   conftest.c -lm -ldl  >&5
conftest.c:52:6: warning: conflicting types for built-in function 'sqrt' [enabled by default]
configure:5378: $? = 0
configure:5378: result: yes
configure:5524: creating ./config.status

## ---------------------- ##
## Running config.status. ##
## ---------------------- ##

This file was extended by analysis config.status 1.0, which was
generated by GNU Autoconf 2.68.  Invocation command line was

  CONFIG_FILES    = 
  CONFIG_HEADERS  = 
  CONFIG_LINKS    = 
  CONFIG_COMMANDS = 
  $ ./config.status 

on heplw32

config.status:875: creating Makefile
config.status:875: creating src/Makefile
config.status:875: creating config.h
config.status:1056: config.h is unchanged
config.status:1104: executing depfiles commands

## ---------------- ##
## Cache variables. ##
## ---------------- ##

ac_cv_c_compiler_gnu=yes
ac_cv_cxx_compiler_gnu=yes
ac_cv_env_CCC_set=
ac_cv_env_CCC_value=
ac_cv_env_CC_set=
ac_cv_env_CC_value=
ac_cv_env_CFLAGS_set=
ac_cv_env_CFLAGS_value=
ac_cv_env_CPPFLAGS_set=
ac_cv_env_CPPFLAGS_value=
ac_cv_env_CPP_set=
ac_cv_env_CPP_value=
ac_cv_env_CXXFLAGS_set=
ac_cv_env_CXXFLAGS_value=
ac_cv_env_CXX_set=
ac_cv_env_CXX_value=
ac_cv_env_LDFLAGS_set=
ac_cv_env_LDFLAGS_value=
ac_cv_env_LIBS_set=
ac_cv_env_LIBS_value=
ac_cv_env_build_alias_set=
ac_cv_env_build_alias_value=
ac_cv_env_host_alias_set=
ac_cv_env_host_alias_value=
ac_cv_env_target_alias_set=
ac_cv_env_target_alias_value=
ac_cv_func_pow=yes
ac_cv_func_sqrt=yes
ac_cv_header_inttypes_h=yes
ac_cv_header_memory_h=yes
ac_cv_header_stdbool_h=yes
ac_cv_header_stdc=yes
ac_cv_header_stddef_h=yes
ac_cv_header_stdint_h=yes
ac_cv_header_stdlib_h=yes
ac_cv_header_string_h=yes
ac_cv_header_strings_h=yes
ac_cv_header_sys_stat_h=yes
ac_cv_header_sys_types_h=yes
ac_cv_header_unistd_h=yes
ac_cv_lib_Cint_main=no
ac_cv_lib_Core_main=no
ac_cv_lib_Gpad_main=no
ac_cv_lib_Graf3d_main=no
ac_cv_lib_Graf_main=no
ac_cv_lib_Gui_main=no
ac_cv_lib_Hist_main=no
ac_cv_lib_MathCore_main=no
ac_cv_lib_Matrix_main=no
ac_cv_lib_Minuit2_main=no
ac_cv_lib_Net_main=no
ac_cv_lib_Physics_main=no
ac_cv_lib_Postscript_main=no
ac_cv_lib_RIO_main=no
ac_cv_lib_Rint_main=no
ac_cv_lib_Thread_main=no
ac_cv_lib_Tree_main=no
ac_cv_lib_dl_main=yes
ac_cv_lib_m_main=yes
ac_cv_objext=o
ac_cv_path_EGREP='/bin/grep -E'
ac_cv_path_GREP=/bin/grep
ac_cv_path_install='/usr/bin/install -c'
ac_cv_path_mkdir=/bin/mkdir
ac_cv_prog_AWK=gawk
ac_cv_prog_CPP='gcc -E'
ac_cv_prog_ac_ct_CC=gcc
ac_cv_prog_ac_ct_CXX=g++
ac_cv_prog_cc_c89=
ac_cv_prog_cc_g=yes
ac_cv_prog_cxx_g=yes
ac_cv_prog_make_make_set=yes
ac_cv_type__Bool=yes
ac_cv_type_size_t=yes
am_cv_CC_dependencies_compiler_type=gcc3
am_cv_CXX_dependencies_compiler_type=gcc3

## ----------------- ##
## Output variables. ##
## ----------------- ##

ACLOCAL='${SHELL} /hepuser/frank/docs/qciAnalysis/missing --run aclocal-1.11'
AMDEPBACKSLASH='\'
AMDEP_FALSE='#'
AMDEP_TRUE=''
AMTAR='${SHELL} /hepuser/frank/docs/qciAnalysis/missing --run tar'
AUTOCONF='${SHELL} /hepuser/frank/docs/qciAnalysis/missing --run autoconf'
AUTOHEADER='${SHELL} /hepuser/frank/docs/qciAnalysis/missing --run autoheader'
AUTOMAKE='${SHELL} /hepuser/frank/docs/qciAnalysis/missing --run automake-1.11'
AWK='gawk'
CC='gcc'
CCDEPMODE='depmode=gcc3'
CFLAGS='-g -O2'
CPP='gcc -E'
CPPFLAGS=''
CXX='g++'
CXXDEPMODE='depmode=gcc3'
CXXFLAGS='-g -O2'
CYGPATH_W='echo'
DEFS='-DHAVE_CONFIG_H'
DEPDIR='.deps'
ECHO_C=''
ECHO_N='-n'
ECHO_T=''
EGREP='/bin/grep -E'
EXEEXT=''
GREP='/bin/grep'
INSTALL_DATA='${INSTALL} -m 644'
INSTALL_PROGRAM='${INSTALL}'
INSTALL_SCRIPT='${INSTALL}'
INSTALL_STRIP_PROGRAM='$(install_sh) -c -s'
LDFLAGS=''
LIBOBJS=''
LIBS='-lm -ldl '
LTLIBOBJS=''
MAKEINFO='${SHELL} /hepuser/frank/docs/qciAnalysis/missing --run makeinfo'
MKDIR_P='/bin/mkdir -p'
OBJEXT='o'
PACKAGE='analysis'
PACKAGE_BUGREPORT='frank at uvic.ca'
PACKAGE_NAME='analysis'
PACKAGE_STRING='analysis 1.0'
PACKAGE_TARNAME='analysis'
PACKAGE_URL=''
PACKAGE_VERSION='1.0'
PATH_SEPARATOR=':'
SET_MAKE=''
SHELL='/bin/bash'
STRIP=''
VERSION='1.0'
ac_ct_CC='gcc'
ac_ct_CXX='g++'
am__EXEEXT_FALSE=''
am__EXEEXT_TRUE='#'
am__fastdepCC_FALSE='#'
am__fastdepCC_TRUE=''
am__fastdepCXX_FALSE='#'
am__fastdepCXX_TRUE=''
am__include='include'
am__isrc=''
am__leading_dot='.'
am__quote=''
am__tar='${AMTAR} chof - "$$tardir"'
am__untar='${AMTAR} xf -'
bindir='${exec_prefix}/bin'
build_alias=''
datadir='${datarootdir}'
datarootdir='${prefix}/share'
docdir='${datarootdir}/doc/${PACKAGE_TARNAME}'
dvidir='${docdir}'
exec_prefix='${prefix}'
host_alias=''
htmldir='${docdir}'
includedir='${prefix}/include'
infodir='${datarootdir}/info'
install_sh='${SHELL} /hepuser/frank/docs/qciAnalysis/install-sh'
libdir='${exec_prefix}/lib'
libexecdir='${exec_prefix}/libexec'
localedir='${datarootdir}/locale'
localstatedir='${prefix}/var'
mandir='${datarootdir}/man'
mkdir_p='/bin/mkdir -p'
oldincludedir='/usr/include'
pdfdir='${docdir}'
prefix='/usr/local'
program_transform_name='s,x,x,'
psdir='${docdir}'
sbindir='${exec_prefix}/sbin'
sharedstatedir='${prefix}/com'
sysconfdir='${prefix}/etc'
target_alias=''

## ----------- ##
## confdefs.h. ##
## ----------- ##

/* confdefs.h */
#define PACKAGE_NAME "analysis"
#define PACKAGE_TARNAME "analysis"
#define PACKAGE_VERSION "1.0"
#define PACKAGE_STRING "analysis 1.0"
#define PACKAGE_BUGREPORT "frank at uvic.ca"
#define PACKAGE_URL ""
#define PACKAGE "analysis"
#define VERSION "1.0"
#define HAVE_LIBDL 1
#define HAVE_LIBM 1
#define STDC_HEADERS 1
#define HAVE_SYS_TYPES_H 1
#define HAVE_SYS_STAT_H 1
#define HAVE_STDLIB_H 1
#define HAVE_STRING_H 1
#define HAVE_MEMORY_H 1
#define HAVE_STRINGS_H 1
#define HAVE_INTTYPES_H 1
#define HAVE_STDINT_H 1
#define HAVE_UNISTD_H 1
#define HAVE_STDDEF_H 1
#define HAVE_STDLIB_H 1
#define HAVE_STRING_H 1
#define HAVE__BOOL 1
#define HAVE_STDBOOL_H 1
#define HAVE_POW 1
#define HAVE_SQRT 1

configure: exit 0

## ---------------------- ##
## Running config.status. ##
## ---------------------- ##

This file was extended by analysis config.status 1.0, which was
generated by GNU Autoconf 2.68.  Invocation command line was

  CONFIG_FILES    = 
  CONFIG_HEADERS  = 
  CONFIG_LINKS    = 
  CONFIG_COMMANDS = 
  $ ./config.status src/Makefile depfiles

on heplw32

config.status:875: creating src/Makefile
config.status:1104: executing depfiles commands
